<?xml version="1.0" encoding="UTF-8"?>
<testng-results ignored="0" total="14" passed="7" failed="7" skipped="0">
  <reporter-output>
    <line>
      <![CDATA[CheckOut Complete URL: https://www.saucedemo.com/checkout-complete.html]]>
    </line>
    <line>
      <![CDATA[Payment Information: Payment Information:]]>
    </line>
    <line>
      <![CDATA[Payment Value Information: SauceCard #31337]]>
    </line>
    <line>
      <![CDATA[Shipping Information: Shipping Information:]]>
    </line>
    <line>
      <![CDATA[Added Product: Sauce Labs Bolt T-Shirt]]>
    </line>
    <line>
      <![CDATA[Added Product: Sauce Labs Fleece Jacket]]>
    </line>
    <line>
      <![CDATA[Checkout Overview page title: Checkout: Overview]]>
    </line>
  </reporter-output>
  <suite started-at="2024-07-19T21:07:58 IST" name="Default suite" finished-at="2024-07-19T21:09:59 IST" duration-ms="121242">
    <groups>
    </groups>
    <test started-at="2024-07-19T21:07:58 IST" name="Default test" finished-at="2024-07-19T21:09:59 IST" duration-ms="121242">
      <class name="testCases.CheckOut_Overview_Test">
        <test-method is-config="true" signature="setUp()[pri:0, instance:testCases.CheckOut_Overview_Test@9d5509a]" started-at="2024-07-19T21:07:58 IST" name="setUp" finished-at="2024-07-19T21:08:22 IST" duration-ms="23402" status="PASS">
          <reporter-output>
          </reporter-output>
        </test-method> <!-- setUp -->
        <test-method signature="verifyfinishBtnTest()[pri:0, instance:testCases.CheckOut_Overview_Test@9d5509a]" started-at="2024-07-19T21:08:22 IST" name="verifyfinishBtnTest" finished-at="2024-07-19T21:08:22 IST" duration-ms="195" status="PASS">
          <reporter-output>
            <line>
              <![CDATA[CheckOut Complete URL: https://www.saucedemo.com/checkout-complete.html]]>
            </line>
          </reporter-output>
        </test-method> <!-- verifyfinishBtnTest -->
        <test-method is-config="true" signature="closeBrowser(org.testng.ITestResult)[pri:0, instance:testCases.CheckOut_Overview_Test@9d5509a]" started-at="2024-07-19T21:08:22 IST" name="closeBrowser" finished-at="2024-07-19T21:08:22 IST" duration-ms="412" status="PASS">
          <params>
            <param index="0">
              <value>
                <![CDATA[[TestResult name=verifyfinishBtnTest status=SUCCESS method=CheckOut_Overview_Test.verifyfinishBtnTest()[pri:0, instance:testCases.CheckOut_Overview_Test@9d5509a] output=CheckOut Complete URL: https://www.saucedemo.com/checkout-complete.html]]]>
              </value>
            </param>
          </params>
          <reporter-output>
          </reporter-output>
        </test-method> <!-- closeBrowser -->
        <test-method is-config="true" signature="setUp()[pri:0, instance:testCases.CheckOut_Overview_Test@9d5509a]" started-at="2024-07-19T21:08:22 IST" name="setUp" finished-at="2024-07-19T21:08:29 IST" duration-ms="6927" status="PASS">
          <reporter-output>
          </reporter-output>
        </test-method> <!-- setUp -->
        <test-method signature="verifylabelPaymentInfoTest()[pri:0, instance:testCases.CheckOut_Overview_Test@9d5509a]" started-at="2024-07-19T21:08:29 IST" name="verifylabelPaymentInfoTest" finished-at="2024-07-19T21:08:29 IST" duration-ms="82" status="PASS">
          <reporter-output>
            <line>
              <![CDATA[Payment Information: Payment Information:]]>
            </line>
          </reporter-output>
        </test-method> <!-- verifylabelPaymentInfoTest -->
        <test-method is-config="true" signature="closeBrowser(org.testng.ITestResult)[pri:0, instance:testCases.CheckOut_Overview_Test@9d5509a]" started-at="2024-07-19T21:08:29 IST" name="closeBrowser" finished-at="2024-07-19T21:08:29 IST" duration-ms="324" status="PASS">
          <params>
            <param index="0">
              <value>
                <![CDATA[[TestResult name=verifylabelPaymentInfoTest status=SUCCESS method=CheckOut_Overview_Test.verifylabelPaymentInfoTest()[pri:0, instance:testCases.CheckOut_Overview_Test@9d5509a] output=Payment Information: Payment Information:]]]>
              </value>
            </param>
          </params>
          <reporter-output>
          </reporter-output>
        </test-method> <!-- closeBrowser -->
        <test-method is-config="true" signature="setUp()[pri:0, instance:testCases.CheckOut_Overview_Test@9d5509a]" started-at="2024-07-19T21:08:29 IST" name="setUp" finished-at="2024-07-19T21:08:37 IST" duration-ms="7066" status="PASS">
          <reporter-output>
          </reporter-output>
        </test-method> <!-- setUp -->
        <test-method signature="verifylabelPaymentValueTest()[pri:0, instance:testCases.CheckOut_Overview_Test@9d5509a]" started-at="2024-07-19T21:08:37 IST" name="verifylabelPaymentValueTest" finished-at="2024-07-19T21:08:37 IST" duration-ms="86" status="PASS">
          <reporter-output>
            <line>
              <![CDATA[Payment Value Information: SauceCard #31337]]>
            </line>
          </reporter-output>
        </test-method> <!-- verifylabelPaymentValueTest -->
        <test-method is-config="true" signature="closeBrowser(org.testng.ITestResult)[pri:0, instance:testCases.CheckOut_Overview_Test@9d5509a]" started-at="2024-07-19T21:08:37 IST" name="closeBrowser" finished-at="2024-07-19T21:08:37 IST" duration-ms="440" status="PASS">
          <params>
            <param index="0">
              <value>
                <![CDATA[[TestResult name=verifylabelPaymentValueTest status=SUCCESS method=CheckOut_Overview_Test.verifylabelPaymentValueTest()[pri:0, instance:testCases.CheckOut_Overview_Test@9d5509a] output=Payment Value Information: SauceCard #31337]]]>
              </value>
            </param>
          </params>
          <reporter-output>
          </reporter-output>
        </test-method> <!-- closeBrowser -->
        <test-method is-config="true" signature="setUp()[pri:0, instance:testCases.CheckOut_Overview_Test@9d5509a]" started-at="2024-07-19T21:08:37 IST" name="setUp" finished-at="2024-07-19T21:08:44 IST" duration-ms="6961" status="PASS">
          <reporter-output>
          </reporter-output>
        </test-method> <!-- setUp -->
        <test-method signature="verifylabelPriceTotalTest()[pri:0, instance:testCases.CheckOut_Overview_Test@9d5509a]" started-at="2024-07-19T21:08:44 IST" name="verifylabelPriceTotalTest" finished-at="2024-07-19T21:08:44 IST" duration-ms="111" status="FAIL">
          <exception class="java.lang.AssertionError">
            <message>
              <![CDATA[expected [Price Total] but found [65.98]]]>
            </message>
            <full-stacktrace>
              <![CDATA[java.lang.AssertionError: expected [Price Total] but found [65.98]
at org.testng.Assert.fail(Assert.java:110)
at org.testng.Assert.failNotEquals(Assert.java:1577)
at org.testng.Assert.assertEqualsImpl(Assert.java:149)
at org.testng.Assert.assertEquals(Assert.java:131)
at org.testng.Assert.assertEquals(Assert.java:655)
at org.testng.Assert.assertEquals(Assert.java:665)
at testCases.CheckOut_Overview_Test.verifylabelPriceTotalTest(CheckOut_Overview_Test.java:141)
at java.base/jdk.internal.reflect.NativeMethodAccessorImpl.invoke0(Native Method)
at java.base/jdk.internal.reflect.NativeMethodAccessorImpl.invoke(NativeMethodAccessorImpl.java:77)
at java.base/jdk.internal.reflect.DelegatingMethodAccessorImpl.invoke(DelegatingMethodAccessorImpl.java:43)
at java.base/java.lang.reflect.Method.invoke(Method.java:568)
at org.testng.internal.invokers.MethodInvocationHelper.invokeMethod(MethodInvocationHelper.java:139)
at org.testng.internal.invokers.TestInvoker.invokeMethod(TestInvoker.java:677)
at org.testng.internal.invokers.TestInvoker.invokeTestMethod(TestInvoker.java:221)
at org.testng.internal.invokers.MethodRunner.runInSequence(MethodRunner.java:50)
at org.testng.internal.invokers.TestInvoker$MethodInvocationAgent.invoke(TestInvoker.java:969)
at org.testng.internal.invokers.TestInvoker.invokeTestMethods(TestInvoker.java:194)
at org.testng.internal.invokers.TestMethodWorker.invokeTestMethods(TestMethodWorker.java:148)
at org.testng.internal.invokers.TestMethodWorker.run(TestMethodWorker.java:128)
at java.base/java.util.ArrayList.forEach(ArrayList.java:1511)
at org.testng.TestRunner.privateRun(TestRunner.java:829)
at org.testng.TestRunner.run(TestRunner.java:602)
at org.testng.SuiteRunner.runTest(SuiteRunner.java:437)
at org.testng.SuiteRunner.runSequentially(SuiteRunner.java:431)
at org.testng.SuiteRunner.privateRun(SuiteRunner.java:391)
at org.testng.SuiteRunner.run(SuiteRunner.java:330)
at org.testng.SuiteRunnerWorker.runSuite(SuiteRunnerWorker.java:52)
at org.testng.SuiteRunnerWorker.run(SuiteRunnerWorker.java:95)
at org.testng.TestNG.runSuitesSequentially(TestNG.java:1256)
at org.testng.TestNG.runSuitesLocally(TestNG.java:1176)
at org.testng.TestNG.runSuites(TestNG.java:1099)
at org.testng.TestNG.run(TestNG.java:1067)
at org.testng.remote.AbstractRemoteTestNG.run(AbstractRemoteTestNG.java:115)
at org.testng.remote.RemoteTestNG.initAndRun(RemoteTestNG.java:293)
at org.testng.remote.RemoteTestNG.main(RemoteTestNG.java:91)
]]>
            </full-stacktrace>
          </exception> <!-- java.lang.AssertionError -->
          <reporter-output>
          </reporter-output>
        </test-method> <!-- verifylabelPriceTotalTest -->
        <test-method is-config="true" signature="closeBrowser(org.testng.ITestResult)[pri:0, instance:testCases.CheckOut_Overview_Test@9d5509a]" started-at="2024-07-19T21:08:44 IST" name="closeBrowser" finished-at="2024-07-19T21:08:45 IST" duration-ms="890" status="PASS">
          <params>
            <param index="0">
              <value>
                <![CDATA[[TestResult name=verifylabelPriceTotalTest status=FAILURE method=CheckOut_Overview_Test.verifylabelPriceTotalTest()[pri:0, instance:testCases.CheckOut_Overview_Test@9d5509a] output={null}]]]>
              </value>
            </param>
          </params>
          <reporter-output>
          </reporter-output>
        </test-method> <!-- closeBrowser -->
        <test-method is-config="true" signature="setUp()[pri:0, instance:testCases.CheckOut_Overview_Test@9d5509a]" started-at="2024-07-19T21:08:45 IST" name="setUp" finished-at="2024-07-19T21:08:52 IST" duration-ms="6865" status="PASS">
          <reporter-output>
          </reporter-output>
        </test-method> <!-- setUp -->
        <test-method signature="verifylabelShippingInfoTest()[pri:0, instance:testCases.CheckOut_Overview_Test@9d5509a]" started-at="2024-07-19T21:08:52 IST" name="verifylabelShippingInfoTest" finished-at="2024-07-19T21:08:52 IST" duration-ms="74" status="PASS">
          <reporter-output>
            <line>
              <![CDATA[Shipping Information: Shipping Information:]]>
            </line>
          </reporter-output>
        </test-method> <!-- verifylabelShippingInfoTest -->
        <test-method is-config="true" signature="closeBrowser(org.testng.ITestResult)[pri:0, instance:testCases.CheckOut_Overview_Test@9d5509a]" started-at="2024-07-19T21:08:52 IST" name="closeBrowser" finished-at="2024-07-19T21:08:52 IST" duration-ms="400" status="PASS">
          <params>
            <param index="0">
              <value>
                <![CDATA[[TestResult name=verifylabelShippingInfoTest status=SUCCESS method=CheckOut_Overview_Test.verifylabelShippingInfoTest()[pri:0, instance:testCases.CheckOut_Overview_Test@9d5509a] output=Shipping Information: Shipping Information:]]]>
              </value>
            </param>
          </params>
          <reporter-output>
          </reporter-output>
        </test-method> <!-- closeBrowser -->
        <test-method is-config="true" signature="setUp()[pri:0, instance:testCases.CheckOut_Overview_Test@9d5509a]" started-at="2024-07-19T21:08:52 IST" name="setUp" finished-at="2024-07-19T21:09:00 IST" duration-ms="7132" status="PASS">
          <reporter-output>
          </reporter-output>
        </test-method> <!-- setUp -->
        <test-method signature="verifylabelShippingValueTest()[pri:0, instance:testCases.CheckOut_Overview_Test@9d5509a]" started-at="2024-07-19T21:09:00 IST" name="verifylabelShippingValueTest" finished-at="2024-07-19T21:09:00 IST" duration-ms="88" status="FAIL">
          <exception class="java.lang.AssertionError">
            <message>
              <![CDATA[expected [Shipping Information:] but found [Free Pony Express Delivery!]]]>
            </message>
            <full-stacktrace>
              <![CDATA[java.lang.AssertionError: expected [Shipping Information:] but found [Free Pony Express Delivery!]
at org.testng.Assert.fail(Assert.java:110)
at org.testng.Assert.failNotEquals(Assert.java:1577)
at org.testng.Assert.assertEqualsImpl(Assert.java:149)
at org.testng.Assert.assertEquals(Assert.java:131)
at org.testng.Assert.assertEquals(Assert.java:655)
at org.testng.Assert.assertEquals(Assert.java:665)
at testCases.CheckOut_Overview_Test.verifylabelShippingValueTest(CheckOut_Overview_Test.java:123)
at java.base/jdk.internal.reflect.NativeMethodAccessorImpl.invoke0(Native Method)
at java.base/jdk.internal.reflect.NativeMethodAccessorImpl.invoke(NativeMethodAccessorImpl.java:77)
at java.base/jdk.internal.reflect.DelegatingMethodAccessorImpl.invoke(DelegatingMethodAccessorImpl.java:43)
at java.base/java.lang.reflect.Method.invoke(Method.java:568)
at org.testng.internal.invokers.MethodInvocationHelper.invokeMethod(MethodInvocationHelper.java:139)
at org.testng.internal.invokers.TestInvoker.invokeMethod(TestInvoker.java:677)
at org.testng.internal.invokers.TestInvoker.invokeTestMethod(TestInvoker.java:221)
at org.testng.internal.invokers.MethodRunner.runInSequence(MethodRunner.java:50)
at org.testng.internal.invokers.TestInvoker$MethodInvocationAgent.invoke(TestInvoker.java:969)
at org.testng.internal.invokers.TestInvoker.invokeTestMethods(TestInvoker.java:194)
at org.testng.internal.invokers.TestMethodWorker.invokeTestMethods(TestMethodWorker.java:148)
at org.testng.internal.invokers.TestMethodWorker.run(TestMethodWorker.java:128)
at java.base/java.util.ArrayList.forEach(ArrayList.java:1511)
at org.testng.TestRunner.privateRun(TestRunner.java:829)
at org.testng.TestRunner.run(TestRunner.java:602)
at org.testng.SuiteRunner.runTest(SuiteRunner.java:437)
at org.testng.SuiteRunner.runSequentially(SuiteRunner.java:431)
at org.testng.SuiteRunner.privateRun(SuiteRunner.java:391)
at org.testng.SuiteRunner.run(SuiteRunner.java:330)
at org.testng.SuiteRunnerWorker.runSuite(SuiteRunnerWorker.java:52)
at org.testng.SuiteRunnerWorker.run(SuiteRunnerWorker.java:95)
at org.testng.TestNG.runSuitesSequentially(TestNG.java:1256)
at org.testng.TestNG.runSuitesLocally(TestNG.java:1176)
at org.testng.TestNG.runSuites(TestNG.java:1099)
at org.testng.TestNG.run(TestNG.java:1067)
at org.testng.remote.AbstractRemoteTestNG.run(AbstractRemoteTestNG.java:115)
at org.testng.remote.RemoteTestNG.initAndRun(RemoteTestNG.java:293)
at org.testng.remote.RemoteTestNG.main(RemoteTestNG.java:91)
]]>
            </full-stacktrace>
          </exception> <!-- java.lang.AssertionError -->
          <reporter-output>
          </reporter-output>
        </test-method> <!-- verifylabelShippingValueTest -->
        <test-method is-config="true" signature="closeBrowser(org.testng.ITestResult)[pri:0, instance:testCases.CheckOut_Overview_Test@9d5509a]" started-at="2024-07-19T21:09:00 IST" name="closeBrowser" finished-at="2024-07-19T21:09:00 IST" duration-ms="715" status="PASS">
          <params>
            <param index="0">
              <value>
                <![CDATA[[TestResult name=verifylabelShippingValueTest status=FAILURE method=CheckOut_Overview_Test.verifylabelShippingValueTest()[pri:0, instance:testCases.CheckOut_Overview_Test@9d5509a] output={null}]]]>
              </value>
            </param>
          </params>
          <reporter-output>
          </reporter-output>
        </test-method> <!-- closeBrowser -->
        <test-method is-config="true" signature="setUp()[pri:0, instance:testCases.CheckOut_Overview_Test@9d5509a]" started-at="2024-07-19T21:09:00 IST" name="setUp" finished-at="2024-07-19T21:09:07 IST" duration-ms="6673" status="PASS">
          <reporter-output>
          </reporter-output>
        </test-method> <!-- setUp -->
        <test-method signature="verifylabelSubTotalTest()[pri:0, instance:testCases.CheckOut_Overview_Test@9d5509a]" started-at="2024-07-19T21:09:07 IST" name="verifylabelSubTotalTest" finished-at="2024-07-19T21:09:07 IST" duration-ms="68" status="FAIL">
          <exception class="org.openqa.selenium.NoSuchElementException">
            <message>
              <![CDATA[no such element: Unable to locate element: {"method":"xpath","selector":"//div[text()='65.98']"}
  (Session info: MicrosoftEdge=126.0.2592.102)
For documentation on this error, please visit: https://selenium.dev/exceptions/#no_such_element
Build info: version: '4.8.3', revision: 'e5e76298c3'
System info: os.name: 'Windows 10', os.arch: 'amd64', os.version: '10.0', java.version: '17.0.10'
Driver info: org.openqa.selenium.edge.EdgeDriver
Command: [e3ccb84b4d88e8b049386aca22237cf2, findElement {using=xpath, value=//div[text()='65.98']}]
Capabilities {acceptInsecureCerts: false, browserName: MicrosoftEdge, browserVersion: 126.0.2592.102, fedcm:accounts: true, ms:edgeOptions: {debuggerAddress: localhost:52724}, msedge: {msedgedriverVersion: 126.0.2592.113 (088a59f7406..., userDataDir: C:\Users\Hp\AppData\Local\T...}, networkConnectionEnabled: false, pageLoadStrategy: normal, platformName: WINDOWS, proxy: Proxy(), se:cdp: ws://localhost:52724/devtoo..., se:cdpVersion: 126.0.2592.102, setWindowRect: true, strictFileInteractability: false, timeouts: {implicit: 0, pageLoad: 300000, script: 30000}, unhandledPromptBehavior: dismiss and notify, webauthn:extension:credBlob: true, webauthn:extension:largeBlob: true, webauthn:extension:minPinLength: true, webauthn:extension:prf: true, webauthn:virtualAuthenticators: true}
Session ID: e3ccb84b4d88e8b049386aca22237cf2]]>
            </message>
            <full-stacktrace>
              <![CDATA[org.openqa.selenium.NoSuchElementException: no such element: Unable to locate element: {"method":"xpath","selector":"//div[text()='65.98']"}
  (Session info: MicrosoftEdge=126.0.2592.102)
For documentation on this error, please visit: https://selenium.dev/exceptions/#no_such_element
Build info: version: '4.8.3', revision: 'e5e76298c3'
System info: os.name: 'Windows 10', os.arch: 'amd64', os.version: '10.0', java.version: '17.0.10'
Driver info: org.openqa.selenium.edge.EdgeDriver
Command: [e3ccb84b4d88e8b049386aca22237cf2, findElement {using=xpath, value=//div[text()='65.98']}]
Capabilities {acceptInsecureCerts: false, browserName: MicrosoftEdge, browserVersion: 126.0.2592.102, fedcm:accounts: true, ms:edgeOptions: {debuggerAddress: localhost:52724}, msedge: {msedgedriverVersion: 126.0.2592.113 (088a59f7406..., userDataDir: C:\Users\Hp\AppData\Local\T...}, networkConnectionEnabled: false, pageLoadStrategy: normal, platformName: WINDOWS, proxy: Proxy(), se:cdp: ws://localhost:52724/devtoo..., se:cdpVersion: 126.0.2592.102, setWindowRect: true, strictFileInteractability: false, timeouts: {implicit: 0, pageLoad: 300000, script: 30000}, unhandledPromptBehavior: dismiss and notify, webauthn:extension:credBlob: true, webauthn:extension:largeBlob: true, webauthn:extension:minPinLength: true, webauthn:extension:prf: true, webauthn:virtualAuthenticators: true}
Session ID: e3ccb84b4d88e8b049386aca22237cf2
at java.base/jdk.internal.reflect.NativeConstructorAccessorImpl.newInstance0(Native Method)
at java.base/jdk.internal.reflect.NativeConstructorAccessorImpl.newInstance(NativeConstructorAccessorImpl.java:77)
at java.base/jdk.internal.reflect.DelegatingConstructorAccessorImpl.newInstance(DelegatingConstructorAccessorImpl.java:45)
at java.base/java.lang.reflect.Constructor.newInstanceWithCaller(Constructor.java:499)
at java.base/java.lang.reflect.Constructor.newInstance(Constructor.java:480)
at org.openqa.selenium.remote.codec.w3c.W3CHttpResponseCodec.createException(W3CHttpResponseCodec.java:200)
at org.openqa.selenium.remote.codec.w3c.W3CHttpResponseCodec.decode(W3CHttpResponseCodec.java:133)
at org.openqa.selenium.remote.codec.w3c.W3CHttpResponseCodec.decode(W3CHttpResponseCodec.java:53)
at org.openqa.selenium.remote.HttpCommandExecutor.execute(HttpCommandExecutor.java:193)
at org.openqa.selenium.remote.service.DriverCommandExecutor.invokeExecute(DriverCommandExecutor.java:183)
at org.openqa.selenium.remote.service.DriverCommandExecutor.execute(DriverCommandExecutor.java:158)
at org.openqa.selenium.remote.RemoteWebDriver.execute(RemoteWebDriver.java:543)
at org.openqa.selenium.remote.ElementLocation$ElementFinder$2.findElement(ElementLocation.java:162)
at org.openqa.selenium.remote.ElementLocation.findElement(ElementLocation.java:60)
at org.openqa.selenium.remote.RemoteWebDriver.findElement(RemoteWebDriver.java:352)
at org.openqa.selenium.remote.RemoteWebDriver.findElement(RemoteWebDriver.java:344)
at org.openqa.selenium.support.pagefactory.DefaultElementLocator.findElement(DefaultElementLocator.java:70)
at org.openqa.selenium.support.pagefactory.internal.LocatingElementHandler.invoke(LocatingElementHandler.java:39)
at jdk.proxy2/jdk.proxy2.$Proxy16.getText(Unknown Source)
at pages.CheckOut_Overview.verifylabelSubTotal(CheckOut_Overview.java:79)
at testCases.CheckOut_Overview_Test.verifylabelSubTotalTest(CheckOut_Overview_Test.java:131)
at java.base/jdk.internal.reflect.NativeMethodAccessorImpl.invoke0(Native Method)
at java.base/jdk.internal.reflect.NativeMethodAccessorImpl.invoke(NativeMethodAccessorImpl.java:77)
at java.base/jdk.internal.reflect.DelegatingMethodAccessorImpl.invoke(DelegatingMethodAccessorImpl.java:43)
at java.base/java.lang.reflect.Method.invoke(Method.java:568)
at org.testng.internal.invokers.MethodInvocationHelper.invokeMethod(MethodInvocationHelper.java:139)
at org.testng.internal.invokers.TestInvoker.invokeMethod(TestInvoker.java:677)
at org.testng.internal.invokers.TestInvoker.invokeTestMethod(TestInvoker.java:221)
at org.testng.internal.invokers.MethodRunner.runInSequence(MethodRunner.java:50)
at org.testng.internal.invokers.TestInvoker$MethodInvocationAgent.invoke(TestInvoker.java:969)
at org.testng.internal.invokers.TestInvoker.invokeTestMethods(TestInvoker.java:194)
at org.testng.internal.invokers.TestMethodWorker.invokeTestMethods(TestMethodWorker.java:148)
at org.testng.internal.invokers.TestMethodWorker.run(TestMethodWorker.java:128)
at java.base/java.util.ArrayList.forEach(ArrayList.java:1511)
at org.testng.TestRunner.privateRun(TestRunner.java:829)
at org.testng.TestRunner.run(TestRunner.java:602)
at org.testng.SuiteRunner.runTest(SuiteRunner.java:437)
at org.testng.SuiteRunner.runSequentially(SuiteRunner.java:431)
at org.testng.SuiteRunner.privateRun(SuiteRunner.java:391)
at org.testng.SuiteRunner.run(SuiteRunner.java:330)
at org.testng.SuiteRunnerWorker.runSuite(SuiteRunnerWorker.java:52)
at org.testng.SuiteRunnerWorker.run(SuiteRunnerWorker.java:95)
at org.testng.TestNG.runSuitesSequentially(TestNG.java:1256)
at org.testng.TestNG.runSuitesLocally(TestNG.java:1176)
at org.testng.TestNG.runSuites(TestNG.java:1099)
at org.testng.TestNG.run(TestNG.java:1067)
at org.testng.remote.AbstractRemoteTestNG.run(AbstractRemoteTestNG.java:115)
at org.testng.remote.RemoteTestNG.initAndRun(RemoteTestNG.java:293)
at org.testng.remote.RemoteTestNG.main(RemoteTestNG.java:91)
]]>
            </full-stacktrace>
          </exception> <!-- org.openqa.selenium.NoSuchElementException -->
          <reporter-output>
          </reporter-output>
        </test-method> <!-- verifylabelSubTotalTest -->
        <test-method is-config="true" signature="closeBrowser(org.testng.ITestResult)[pri:0, instance:testCases.CheckOut_Overview_Test@9d5509a]" started-at="2024-07-19T21:09:07 IST" name="closeBrowser" finished-at="2024-07-19T21:09:08 IST" duration-ms="520" status="PASS">
          <params>
            <param index="0">
              <value>
                <![CDATA[[TestResult name=verifylabelSubTotalTest status=FAILURE method=CheckOut_Overview_Test.verifylabelSubTotalTest()[pri:0, instance:testCases.CheckOut_Overview_Test@9d5509a] output={null}]]]>
              </value>
            </param>
          </params>
          <reporter-output>
          </reporter-output>
        </test-method> <!-- closeBrowser -->
        <test-method is-config="true" signature="setUp()[pri:0, instance:testCases.CheckOut_Overview_Test@9d5509a]" started-at="2024-07-19T21:09:08 IST" name="setUp" finished-at="2024-07-19T21:09:14 IST" duration-ms="6613" status="PASS">
          <reporter-output>
          </reporter-output>
        </test-method> <!-- setUp -->
        <test-method signature="verifylabelTaxTest()[pri:0, instance:testCases.CheckOut_Overview_Test@9d5509a]" started-at="2024-07-19T21:09:14 IST" name="verifylabelTaxTest" finished-at="2024-07-19T21:09:14 IST" duration-ms="43" status="FAIL">
          <exception class="org.openqa.selenium.NoSuchElementException">
            <message>
              <![CDATA[no such element: Unable to locate element: {"method":"xpath","selector":"//div[text()='5.28']"}
  (Session info: MicrosoftEdge=126.0.2592.102)
For documentation on this error, please visit: https://selenium.dev/exceptions/#no_such_element
Build info: version: '4.8.3', revision: 'e5e76298c3'
System info: os.name: 'Windows 10', os.arch: 'amd64', os.version: '10.0', java.version: '17.0.10'
Driver info: org.openqa.selenium.edge.EdgeDriver
Command: [6237cde18673630ab1a5bb71b32157ab, findElement {using=xpath, value=//div[text()='5.28']}]
Capabilities {acceptInsecureCerts: false, browserName: MicrosoftEdge, browserVersion: 126.0.2592.102, fedcm:accounts: true, ms:edgeOptions: {debuggerAddress: localhost:52762}, msedge: {msedgedriverVersion: 126.0.2592.113 (088a59f7406..., userDataDir: C:\Users\Hp\AppData\Local\T...}, networkConnectionEnabled: false, pageLoadStrategy: normal, platformName: WINDOWS, proxy: Proxy(), se:cdp: ws://localhost:52762/devtoo..., se:cdpVersion: 126.0.2592.102, setWindowRect: true, strictFileInteractability: false, timeouts: {implicit: 0, pageLoad: 300000, script: 30000}, unhandledPromptBehavior: dismiss and notify, webauthn:extension:credBlob: true, webauthn:extension:largeBlob: true, webauthn:extension:minPinLength: true, webauthn:extension:prf: true, webauthn:virtualAuthenticators: true}
Session ID: 6237cde18673630ab1a5bb71b32157ab]]>
            </message>
            <full-stacktrace>
              <![CDATA[org.openqa.selenium.NoSuchElementException: no such element: Unable to locate element: {"method":"xpath","selector":"//div[text()='5.28']"}
  (Session info: MicrosoftEdge=126.0.2592.102)
For documentation on this error, please visit: https://selenium.dev/exceptions/#no_such_element
Build info: version: '4.8.3', revision: 'e5e76298c3'
System info: os.name: 'Windows 10', os.arch: 'amd64', os.version: '10.0', java.version: '17.0.10'
Driver info: org.openqa.selenium.edge.EdgeDriver
Command: [6237cde18673630ab1a5bb71b32157ab, findElement {using=xpath, value=//div[text()='5.28']}]
Capabilities {acceptInsecureCerts: false, browserName: MicrosoftEdge, browserVersion: 126.0.2592.102, fedcm:accounts: true, ms:edgeOptions: {debuggerAddress: localhost:52762}, msedge: {msedgedriverVersion: 126.0.2592.113 (088a59f7406..., userDataDir: C:\Users\Hp\AppData\Local\T...}, networkConnectionEnabled: false, pageLoadStrategy: normal, platformName: WINDOWS, proxy: Proxy(), se:cdp: ws://localhost:52762/devtoo..., se:cdpVersion: 126.0.2592.102, setWindowRect: true, strictFileInteractability: false, timeouts: {implicit: 0, pageLoad: 300000, script: 30000}, unhandledPromptBehavior: dismiss and notify, webauthn:extension:credBlob: true, webauthn:extension:largeBlob: true, webauthn:extension:minPinLength: true, webauthn:extension:prf: true, webauthn:virtualAuthenticators: true}
Session ID: 6237cde18673630ab1a5bb71b32157ab
at java.base/jdk.internal.reflect.NativeConstructorAccessorImpl.newInstance0(Native Method)
at java.base/jdk.internal.reflect.NativeConstructorAccessorImpl.newInstance(NativeConstructorAccessorImpl.java:77)
at java.base/jdk.internal.reflect.DelegatingConstructorAccessorImpl.newInstance(DelegatingConstructorAccessorImpl.java:45)
at java.base/java.lang.reflect.Constructor.newInstanceWithCaller(Constructor.java:499)
at java.base/java.lang.reflect.Constructor.newInstance(Constructor.java:480)
at org.openqa.selenium.remote.codec.w3c.W3CHttpResponseCodec.createException(W3CHttpResponseCodec.java:200)
at org.openqa.selenium.remote.codec.w3c.W3CHttpResponseCodec.decode(W3CHttpResponseCodec.java:133)
at org.openqa.selenium.remote.codec.w3c.W3CHttpResponseCodec.decode(W3CHttpResponseCodec.java:53)
at org.openqa.selenium.remote.HttpCommandExecutor.execute(HttpCommandExecutor.java:193)
at org.openqa.selenium.remote.service.DriverCommandExecutor.invokeExecute(DriverCommandExecutor.java:183)
at org.openqa.selenium.remote.service.DriverCommandExecutor.execute(DriverCommandExecutor.java:158)
at org.openqa.selenium.remote.RemoteWebDriver.execute(RemoteWebDriver.java:543)
at org.openqa.selenium.remote.ElementLocation$ElementFinder$2.findElement(ElementLocation.java:162)
at org.openqa.selenium.remote.ElementLocation.findElement(ElementLocation.java:60)
at org.openqa.selenium.remote.RemoteWebDriver.findElement(RemoteWebDriver.java:352)
at org.openqa.selenium.remote.RemoteWebDriver.findElement(RemoteWebDriver.java:344)
at org.openqa.selenium.support.pagefactory.DefaultElementLocator.findElement(DefaultElementLocator.java:70)
at org.openqa.selenium.support.pagefactory.internal.LocatingElementHandler.invoke(LocatingElementHandler.java:39)
at jdk.proxy2/jdk.proxy2.$Proxy16.getText(Unknown Source)
at pages.CheckOut_Overview.verifylabelTax(CheckOut_Overview.java:89)
at testCases.CheckOut_Overview_Test.verifylabelTaxTest(CheckOut_Overview_Test.java:149)
at java.base/jdk.internal.reflect.NativeMethodAccessorImpl.invoke0(Native Method)
at java.base/jdk.internal.reflect.NativeMethodAccessorImpl.invoke(NativeMethodAccessorImpl.java:77)
at java.base/jdk.internal.reflect.DelegatingMethodAccessorImpl.invoke(DelegatingMethodAccessorImpl.java:43)
at java.base/java.lang.reflect.Method.invoke(Method.java:568)
at org.testng.internal.invokers.MethodInvocationHelper.invokeMethod(MethodInvocationHelper.java:139)
at org.testng.internal.invokers.TestInvoker.invokeMethod(TestInvoker.java:677)
at org.testng.internal.invokers.TestInvoker.invokeTestMethod(TestInvoker.java:221)
at org.testng.internal.invokers.MethodRunner.runInSequence(MethodRunner.java:50)
at org.testng.internal.invokers.TestInvoker$MethodInvocationAgent.invoke(TestInvoker.java:969)
at org.testng.internal.invokers.TestInvoker.invokeTestMethods(TestInvoker.java:194)
at org.testng.internal.invokers.TestMethodWorker.invokeTestMethods(TestMethodWorker.java:148)
at org.testng.internal.invokers.TestMethodWorker.run(TestMethodWorker.java:128)
at java.base/java.util.ArrayList.forEach(ArrayList.java:1511)
at org.testng.TestRunner.privateRun(TestRunner.java:829)
at org.testng.TestRunner.run(TestRunner.java:602)
at org.testng.SuiteRunner.runTest(SuiteRunner.java:437)
at org.testng.SuiteRunner.runSequentially(SuiteRunner.java:431)
at org.testng.SuiteRunner.privateRun(SuiteRunner.java:391)
at org.testng.SuiteRunner.run(SuiteRunner.java:330)
at org.testng.SuiteRunnerWorker.runSuite(SuiteRunnerWorker.java:52)
at org.testng.SuiteRunnerWorker.run(SuiteRunnerWorker.java:95)
at org.testng.TestNG.runSuitesSequentially(TestNG.java:1256)
at org.testng.TestNG.runSuitesLocally(TestNG.java:1176)
at org.testng.TestNG.runSuites(TestNG.java:1099)
at org.testng.TestNG.run(TestNG.java:1067)
at org.testng.remote.AbstractRemoteTestNG.run(AbstractRemoteTestNG.java:115)
at org.testng.remote.RemoteTestNG.initAndRun(RemoteTestNG.java:293)
at org.testng.remote.RemoteTestNG.main(RemoteTestNG.java:91)
]]>
            </full-stacktrace>
          </exception> <!-- org.openqa.selenium.NoSuchElementException -->
          <reporter-output>
          </reporter-output>
        </test-method> <!-- verifylabelTaxTest -->
        <test-method is-config="true" signature="closeBrowser(org.testng.ITestResult)[pri:0, instance:testCases.CheckOut_Overview_Test@9d5509a]" started-at="2024-07-19T21:09:14 IST" name="closeBrowser" finished-at="2024-07-19T21:09:15 IST" duration-ms="494" status="PASS">
          <params>
            <param index="0">
              <value>
                <![CDATA[[TestResult name=verifylabelTaxTest status=FAILURE method=CheckOut_Overview_Test.verifylabelTaxTest()[pri:0, instance:testCases.CheckOut_Overview_Test@9d5509a] output={null}]]]>
              </value>
            </param>
          </params>
          <reporter-output>
          </reporter-output>
        </test-method> <!-- closeBrowser -->
        <test-method is-config="true" signature="setUp()[pri:0, instance:testCases.CheckOut_Overview_Test@9d5509a]" started-at="2024-07-19T21:09:15 IST" name="setUp" finished-at="2024-07-19T21:09:21 IST" duration-ms="6665" status="PASS">
          <reporter-output>
          </reporter-output>
        </test-method> <!-- setUp -->
        <test-method signature="verifylabelTotalTest()[pri:0, instance:testCases.CheckOut_Overview_Test@9d5509a]" started-at="2024-07-19T21:09:21 IST" name="verifylabelTotalTest" finished-at="2024-07-19T21:09:21 IST" duration-ms="51" status="FAIL">
          <exception class="java.lang.AssertionError">
            <message>
              <![CDATA[expected [Price Total] but found [71.26]]]>
            </message>
            <full-stacktrace>
              <![CDATA[java.lang.AssertionError: expected [Price Total] but found [71.26]
at org.testng.Assert.fail(Assert.java:110)
at org.testng.Assert.failNotEquals(Assert.java:1577)
at org.testng.Assert.assertEqualsImpl(Assert.java:149)
at org.testng.Assert.assertEquals(Assert.java:131)
at org.testng.Assert.assertEquals(Assert.java:655)
at org.testng.Assert.assertEquals(Assert.java:665)
at testCases.CheckOut_Overview_Test.verifylabelTotalTest(CheckOut_Overview_Test.java:159)
at java.base/jdk.internal.reflect.NativeMethodAccessorImpl.invoke0(Native Method)
at java.base/jdk.internal.reflect.NativeMethodAccessorImpl.invoke(NativeMethodAccessorImpl.java:77)
at java.base/jdk.internal.reflect.DelegatingMethodAccessorImpl.invoke(DelegatingMethodAccessorImpl.java:43)
at java.base/java.lang.reflect.Method.invoke(Method.java:568)
at org.testng.internal.invokers.MethodInvocationHelper.invokeMethod(MethodInvocationHelper.java:139)
at org.testng.internal.invokers.TestInvoker.invokeMethod(TestInvoker.java:677)
at org.testng.internal.invokers.TestInvoker.invokeTestMethod(TestInvoker.java:221)
at org.testng.internal.invokers.MethodRunner.runInSequence(MethodRunner.java:50)
at org.testng.internal.invokers.TestInvoker$MethodInvocationAgent.invoke(TestInvoker.java:969)
at org.testng.internal.invokers.TestInvoker.invokeTestMethods(TestInvoker.java:194)
at org.testng.internal.invokers.TestMethodWorker.invokeTestMethods(TestMethodWorker.java:148)
at org.testng.internal.invokers.TestMethodWorker.run(TestMethodWorker.java:128)
at java.base/java.util.ArrayList.forEach(ArrayList.java:1511)
at org.testng.TestRunner.privateRun(TestRunner.java:829)
at org.testng.TestRunner.run(TestRunner.java:602)
at org.testng.SuiteRunner.runTest(SuiteRunner.java:437)
at org.testng.SuiteRunner.runSequentially(SuiteRunner.java:431)
at org.testng.SuiteRunner.privateRun(SuiteRunner.java:391)
at org.testng.SuiteRunner.run(SuiteRunner.java:330)
at org.testng.SuiteRunnerWorker.runSuite(SuiteRunnerWorker.java:52)
at org.testng.SuiteRunnerWorker.run(SuiteRunnerWorker.java:95)
at org.testng.TestNG.runSuitesSequentially(TestNG.java:1256)
at org.testng.TestNG.runSuitesLocally(TestNG.java:1176)
at org.testng.TestNG.runSuites(TestNG.java:1099)
at org.testng.TestNG.run(TestNG.java:1067)
at org.testng.remote.AbstractRemoteTestNG.run(AbstractRemoteTestNG.java:115)
at org.testng.remote.RemoteTestNG.initAndRun(RemoteTestNG.java:293)
at org.testng.remote.RemoteTestNG.main(RemoteTestNG.java:91)
]]>
            </full-stacktrace>
          </exception> <!-- java.lang.AssertionError -->
          <reporter-output>
          </reporter-output>
        </test-method> <!-- verifylabelTotalTest -->
        <test-method is-config="true" signature="closeBrowser(org.testng.ITestResult)[pri:0, instance:testCases.CheckOut_Overview_Test@9d5509a]" started-at="2024-07-19T21:09:21 IST" name="closeBrowser" finished-at="2024-07-19T21:09:22 IST" duration-ms="443" status="PASS">
          <params>
            <param index="0">
              <value>
                <![CDATA[[TestResult name=verifylabelTotalTest status=FAILURE method=CheckOut_Overview_Test.verifylabelTotalTest()[pri:0, instance:testCases.CheckOut_Overview_Test@9d5509a] output={null}]]]>
              </value>
            </param>
          </params>
          <reporter-output>
          </reporter-output>
        </test-method> <!-- closeBrowser -->
        <test-method is-config="true" signature="setUp()[pri:0, instance:testCases.CheckOut_Overview_Test@9d5509a]" started-at="2024-07-19T21:09:22 IST" name="setUp" finished-at="2024-07-19T21:09:29 IST" duration-ms="7127" status="PASS">
          <reporter-output>
          </reporter-output>
        </test-method> <!-- setUp -->
        <test-method signature="verifypriceBoltTShirtTest()[pri:0, instance:testCases.CheckOut_Overview_Test@9d5509a]" started-at="2024-07-19T21:09:29 IST" name="verifypriceBoltTShirtTest" finished-at="2024-07-19T21:09:29 IST" duration-ms="52" status="FAIL">
          <exception class="java.lang.AssertionError">
            <message>
              <![CDATA[expected [$15.99] but found [15.99]]]>
            </message>
            <full-stacktrace>
              <![CDATA[java.lang.AssertionError: expected [$15.99] but found [15.99]
at org.testng.Assert.fail(Assert.java:110)
at org.testng.Assert.failNotEquals(Assert.java:1577)
at org.testng.Assert.assertEqualsImpl(Assert.java:149)
at org.testng.Assert.assertEquals(Assert.java:131)
at org.testng.Assert.assertEquals(Assert.java:655)
at org.testng.Assert.assertEquals(Assert.java:665)
at testCases.CheckOut_Overview_Test.verifypriceBoltTShirtTest(CheckOut_Overview_Test.java:69)
at java.base/jdk.internal.reflect.NativeMethodAccessorImpl.invoke0(Native Method)
at java.base/jdk.internal.reflect.NativeMethodAccessorImpl.invoke(NativeMethodAccessorImpl.java:77)
at java.base/jdk.internal.reflect.DelegatingMethodAccessorImpl.invoke(DelegatingMethodAccessorImpl.java:43)
at java.base/java.lang.reflect.Method.invoke(Method.java:568)
at org.testng.internal.invokers.MethodInvocationHelper.invokeMethod(MethodInvocationHelper.java:139)
at org.testng.internal.invokers.TestInvoker.invokeMethod(TestInvoker.java:677)
at org.testng.internal.invokers.TestInvoker.invokeTestMethod(TestInvoker.java:221)
at org.testng.internal.invokers.MethodRunner.runInSequence(MethodRunner.java:50)
at org.testng.internal.invokers.TestInvoker$MethodInvocationAgent.invoke(TestInvoker.java:969)
at org.testng.internal.invokers.TestInvoker.invokeTestMethods(TestInvoker.java:194)
at org.testng.internal.invokers.TestMethodWorker.invokeTestMethods(TestMethodWorker.java:148)
at org.testng.internal.invokers.TestMethodWorker.run(TestMethodWorker.java:128)
at java.base/java.util.ArrayList.forEach(ArrayList.java:1511)
at org.testng.TestRunner.privateRun(TestRunner.java:829)
at org.testng.TestRunner.run(TestRunner.java:602)
at org.testng.SuiteRunner.runTest(SuiteRunner.java:437)
at org.testng.SuiteRunner.runSequentially(SuiteRunner.java:431)
at org.testng.SuiteRunner.privateRun(SuiteRunner.java:391)
at org.testng.SuiteRunner.run(SuiteRunner.java:330)
at org.testng.SuiteRunnerWorker.runSuite(SuiteRunnerWorker.java:52)
at org.testng.SuiteRunnerWorker.run(SuiteRunnerWorker.java:95)
at org.testng.TestNG.runSuitesSequentially(TestNG.java:1256)
at org.testng.TestNG.runSuitesLocally(TestNG.java:1176)
at org.testng.TestNG.runSuites(TestNG.java:1099)
at org.testng.TestNG.run(TestNG.java:1067)
at org.testng.remote.AbstractRemoteTestNG.run(AbstractRemoteTestNG.java:115)
at org.testng.remote.RemoteTestNG.initAndRun(RemoteTestNG.java:293)
at org.testng.remote.RemoteTestNG.main(RemoteTestNG.java:91)
]]>
            </full-stacktrace>
          </exception> <!-- java.lang.AssertionError -->
          <reporter-output>
          </reporter-output>
        </test-method> <!-- verifypriceBoltTShirtTest -->
        <test-method is-config="true" signature="closeBrowser(org.testng.ITestResult)[pri:0, instance:testCases.CheckOut_Overview_Test@9d5509a]" started-at="2024-07-19T21:09:29 IST" name="closeBrowser" finished-at="2024-07-19T21:09:30 IST" duration-ms="655" status="PASS">
          <params>
            <param index="0">
              <value>
                <![CDATA[[TestResult name=verifypriceBoltTShirtTest status=FAILURE method=CheckOut_Overview_Test.verifypriceBoltTShirtTest()[pri:0, instance:testCases.CheckOut_Overview_Test@9d5509a] output={null}]]]>
              </value>
            </param>
          </params>
          <reporter-output>
          </reporter-output>
        </test-method> <!-- closeBrowser -->
        <test-method is-config="true" signature="setUp()[pri:0, instance:testCases.CheckOut_Overview_Test@9d5509a]" started-at="2024-07-19T21:09:30 IST" name="setUp" finished-at="2024-07-19T21:09:36 IST" duration-ms="6446" status="PASS">
          <reporter-output>
          </reporter-output>
        </test-method> <!-- setUp -->
        <test-method signature="verifypriceFleeceJacketTest()[pri:0, instance:testCases.CheckOut_Overview_Test@9d5509a]" started-at="2024-07-19T21:09:36 IST" name="verifypriceFleeceJacketTest" finished-at="2024-07-19T21:09:36 IST" duration-ms="52" status="FAIL">
          <exception class="java.lang.AssertionError">
            <message>
              <![CDATA[expected [$49.99] but found [49.99]]]>
            </message>
            <full-stacktrace>
              <![CDATA[java.lang.AssertionError: expected [$49.99] but found [49.99]
at org.testng.Assert.fail(Assert.java:110)
at org.testng.Assert.failNotEquals(Assert.java:1577)
at org.testng.Assert.assertEqualsImpl(Assert.java:149)
at org.testng.Assert.assertEquals(Assert.java:131)
at org.testng.Assert.assertEquals(Assert.java:655)
at org.testng.Assert.assertEquals(Assert.java:665)
at testCases.CheckOut_Overview_Test.verifypriceFleeceJacketTest(CheckOut_Overview_Test.java:87)
at java.base/jdk.internal.reflect.NativeMethodAccessorImpl.invoke0(Native Method)
at java.base/jdk.internal.reflect.NativeMethodAccessorImpl.invoke(NativeMethodAccessorImpl.java:77)
at java.base/jdk.internal.reflect.DelegatingMethodAccessorImpl.invoke(DelegatingMethodAccessorImpl.java:43)
at java.base/java.lang.reflect.Method.invoke(Method.java:568)
at org.testng.internal.invokers.MethodInvocationHelper.invokeMethod(MethodInvocationHelper.java:139)
at org.testng.internal.invokers.TestInvoker.invokeMethod(TestInvoker.java:677)
at org.testng.internal.invokers.TestInvoker.invokeTestMethod(TestInvoker.java:221)
at org.testng.internal.invokers.MethodRunner.runInSequence(MethodRunner.java:50)
at org.testng.internal.invokers.TestInvoker$MethodInvocationAgent.invoke(TestInvoker.java:969)
at org.testng.internal.invokers.TestInvoker.invokeTestMethods(TestInvoker.java:194)
at org.testng.internal.invokers.TestMethodWorker.invokeTestMethods(TestMethodWorker.java:148)
at org.testng.internal.invokers.TestMethodWorker.run(TestMethodWorker.java:128)
at java.base/java.util.ArrayList.forEach(ArrayList.java:1511)
at org.testng.TestRunner.privateRun(TestRunner.java:829)
at org.testng.TestRunner.run(TestRunner.java:602)
at org.testng.SuiteRunner.runTest(SuiteRunner.java:437)
at org.testng.SuiteRunner.runSequentially(SuiteRunner.java:431)
at org.testng.SuiteRunner.privateRun(SuiteRunner.java:391)
at org.testng.SuiteRunner.run(SuiteRunner.java:330)
at org.testng.SuiteRunnerWorker.runSuite(SuiteRunnerWorker.java:52)
at org.testng.SuiteRunnerWorker.run(SuiteRunnerWorker.java:95)
at org.testng.TestNG.runSuitesSequentially(TestNG.java:1256)
at org.testng.TestNG.runSuitesLocally(TestNG.java:1176)
at org.testng.TestNG.runSuites(TestNG.java:1099)
at org.testng.TestNG.run(TestNG.java:1067)
at org.testng.remote.AbstractRemoteTestNG.run(AbstractRemoteTestNG.java:115)
at org.testng.remote.RemoteTestNG.initAndRun(RemoteTestNG.java:293)
at org.testng.remote.RemoteTestNG.main(RemoteTestNG.java:91)
]]>
            </full-stacktrace>
          </exception> <!-- java.lang.AssertionError -->
          <reporter-output>
          </reporter-output>
        </test-method> <!-- verifypriceFleeceJacketTest -->
        <test-method is-config="true" signature="closeBrowser(org.testng.ITestResult)[pri:0, instance:testCases.CheckOut_Overview_Test@9d5509a]" started-at="2024-07-19T21:09:36 IST" name="closeBrowser" finished-at="2024-07-19T21:09:37 IST" duration-ms="713" status="PASS">
          <params>
            <param index="0">
              <value>
                <![CDATA[[TestResult name=verifypriceFleeceJacketTest status=FAILURE method=CheckOut_Overview_Test.verifypriceFleeceJacketTest()[pri:0, instance:testCases.CheckOut_Overview_Test@9d5509a] output={null}]]]>
              </value>
            </param>
          </params>
          <reporter-output>
          </reporter-output>
        </test-method> <!-- closeBrowser -->
        <test-method is-config="true" signature="setUp()[pri:0, instance:testCases.CheckOut_Overview_Test@9d5509a]" started-at="2024-07-19T21:09:37 IST" name="setUp" finished-at="2024-07-19T21:09:44 IST" duration-ms="6886" status="PASS">
          <reporter-output>
          </reporter-output>
        </test-method> <!-- setUp -->
        <test-method signature="verifyprodBoltTShirtTest()[pri:0, instance:testCases.CheckOut_Overview_Test@9d5509a]" started-at="2024-07-19T21:09:44 IST" name="verifyprodBoltTShirtTest" finished-at="2024-07-19T21:09:44 IST" duration-ms="50" status="PASS">
          <reporter-output>
            <line>
              <![CDATA[Added Product: Sauce Labs Bolt T-Shirt]]>
            </line>
          </reporter-output>
        </test-method> <!-- verifyprodBoltTShirtTest -->
        <test-method is-config="true" signature="closeBrowser(org.testng.ITestResult)[pri:0, instance:testCases.CheckOut_Overview_Test@9d5509a]" started-at="2024-07-19T21:09:44 IST" name="closeBrowser" finished-at="2024-07-19T21:09:44 IST" duration-ms="273" status="PASS">
          <params>
            <param index="0">
              <value>
                <![CDATA[[TestResult name=verifyprodBoltTShirtTest status=SUCCESS method=CheckOut_Overview_Test.verifyprodBoltTShirtTest()[pri:0, instance:testCases.CheckOut_Overview_Test@9d5509a] output=Added Product: Sauce Labs Bolt T-Shirt]]]>
              </value>
            </param>
          </params>
          <reporter-output>
          </reporter-output>
        </test-method> <!-- closeBrowser -->
        <test-method is-config="true" signature="setUp()[pri:0, instance:testCases.CheckOut_Overview_Test@9d5509a]" started-at="2024-07-19T21:09:44 IST" name="setUp" finished-at="2024-07-19T21:09:51 IST" duration-ms="6823" status="PASS">
          <reporter-output>
          </reporter-output>
        </test-method> <!-- setUp -->
        <test-method signature="verifyprodFleeceJacket()[pri:0, instance:testCases.CheckOut_Overview_Test@9d5509a]" started-at="2024-07-19T21:09:51 IST" name="verifyprodFleeceJacket" finished-at="2024-07-19T21:09:51 IST" duration-ms="50" status="PASS">
          <reporter-output>
            <line>
              <![CDATA[Added Product: Sauce Labs Fleece Jacket]]>
            </line>
          </reporter-output>
        </test-method> <!-- verifyprodFleeceJacket -->
        <test-method is-config="true" signature="closeBrowser(org.testng.ITestResult)[pri:0, instance:testCases.CheckOut_Overview_Test@9d5509a]" started-at="2024-07-19T21:09:51 IST" name="closeBrowser" finished-at="2024-07-19T21:09:51 IST" duration-ms="399" status="PASS">
          <params>
            <param index="0">
              <value>
                <![CDATA[[TestResult name=verifyprodFleeceJacket status=SUCCESS method=CheckOut_Overview_Test.verifyprodFleeceJacket()[pri:0, instance:testCases.CheckOut_Overview_Test@9d5509a] output=Added Product: Sauce Labs Fleece Jacket]]]>
              </value>
            </param>
          </params>
          <reporter-output>
          </reporter-output>
        </test-method> <!-- closeBrowser -->
        <test-method is-config="true" signature="setUp()[pri:0, instance:testCases.CheckOut_Overview_Test@9d5509a]" started-at="2024-07-19T21:09:51 IST" name="setUp" finished-at="2024-07-19T21:09:59 IST" duration-ms="7542" status="PASS">
          <reporter-output>
          </reporter-output>
        </test-method> <!-- setUp -->
        <test-method signature="verifytTitleTest()[pri:0, instance:testCases.CheckOut_Overview_Test@9d5509a]" started-at="2024-07-19T21:09:59 IST" name="verifytTitleTest" finished-at="2024-07-19T21:09:59 IST" duration-ms="56" status="PASS">
          <reporter-output>
            <line>
              <![CDATA[Checkout Overview page title: Checkout: Overview]]>
            </line>
          </reporter-output>
        </test-method> <!-- verifytTitleTest -->
        <test-method is-config="true" signature="closeBrowser(org.testng.ITestResult)[pri:0, instance:testCases.CheckOut_Overview_Test@9d5509a]" started-at="2024-07-19T21:09:59 IST" name="closeBrowser" finished-at="2024-07-19T21:09:59 IST" duration-ms="208" status="PASS">
          <params>
            <param index="0">
              <value>
                <![CDATA[[TestResult name=verifytTitleTest status=SUCCESS method=CheckOut_Overview_Test.verifytTitleTest()[pri:0, instance:testCases.CheckOut_Overview_Test@9d5509a] output=Checkout Overview page title: Checkout: Overview]]]>
              </value>
            </param>
          </params>
          <reporter-output>
          </reporter-output>
        </test-method> <!-- closeBrowser -->
      </class> <!-- testCases.CheckOut_Overview_Test -->
    </test> <!-- Default test -->
  </suite> <!-- Default suite -->
</testng-results>
